Using pre-set license
Built from '2020.3/release' branch; Version is '2020.3.12f1 (b3b2c6512326) revision 11776710'; Using compiler version '192528614'; Build Type 'Release'
OS: 'Windows 10 Home; OS build 19042.1052; Version 2009; 64bit' Language: 'ko' Physical Memory: 16235 MB
BatchMode: 1, IsHumanControllingUs: 0, StartBugReporterOnCrash: 0, Is64bit: 1, IsPro: 0

 COMMAND LINE ARGUMENTS:
G:\Unity\2020.3.12f1\Editor\Unity.exe
-adb2
-batchMode
-noUpm
-name
AssetImportWorker0
-projectPath
C:/Users/HUK/Desktop/1-1 기존 게임 분석하기
-logFile
Logs/AssetImportWorker0.log
-srvPort
60058
Successfully changed project path to: C:/Users/HUK/Desktop/1-1 기존 게임 분석하기
C:/Users/HUK/Desktop/1-1 기존 게임 분석하기
Using Asset Import Pipeline V2.
Refreshing native plugins compatible for Editor in 67.44 ms, found 3 plugins.
Preloading 0 native plugins for Editor in 0.00 ms.
Initialize engine version: 2020.3.12f1 (b3b2c6512326)
[Subsystems] Discovering subsystems at path G:/Unity/2020.3.12f1/Editor/Data/Resources/UnitySubsystems
[Subsystems] Discovering subsystems at path C:/Users/HUK/Desktop/1-1 기존 게임 분석하기/Assets
GfxDevice: creating device client; threaded=0
Direct3D:
    Version:  Direct3D 11.0 [level 11.1]
    Renderer: NVIDIA GeForce GTX 1650 (ID=0x1f91)
    Vendor:   
    VRAM:     3964 MB
    Driver:   27.21.14.6231
Initialize mono
Mono path[0] = 'G:/Unity/2020.3.12f1/Editor/Data/Managed'
Mono path[1] = 'G:/Unity/2020.3.12f1/Editor/Data/MonoBleedingEdge/lib/mono/unityjit'
Mono config path = 'G:/Unity/2020.3.12f1/Editor/Data/MonoBleedingEdge/etc'
Using monoOptions --debugger-agent=transport=dt_socket,embedding=1,server=y,suspend=n,address=127.0.0.1:56360
Begin MonoManager ReloadAssembly
Registering precompiled unity dll's ...
Register platform support module: G:/Unity/2020.3.12f1/Editor/Data/PlaybackEngines/WindowsStandaloneSupport/UnityEditor.WindowsStandalone.Extensions.dll
Registered in 0.002024 seconds.
Native extension for WindowsStandalone target not found
Refreshing native plugins compatible for Editor in 55.82 ms, found 3 plugins.
Preloading 0 native plugins for Editor in 0.00 ms.
Mono: successfully reloaded assembly
- Completed reload, in  1.720 seconds
Platform modules already initialized, skipping
Registering precompiled user dll's ...
Registered in 0.007276 seconds.
Begin MonoManager ReloadAssembly
Native extension for WindowsStandalone target not found
Refreshing native plugins compatible for Editor in 1.57 ms, found 3 plugins.
Preloading 0 native plugins for Editor in 0.00 ms.
Mono: successfully reloaded assembly
- Completed reload, in  1.265 seconds
Platform modules already initialized, skipping
========================================================================
Worker process is ready to serve import requests
Launched and connected shader compiler UnityShaderCompiler.exe after 0.05 seconds
Refreshing native plugins compatible for Editor in 0.94 ms, found 3 plugins.
Preloading 0 native plugins for Editor in 0.00 ms.
Unloading 2413 Unused Serialized files (Serialized files now loaded: 0)
System memory in use before: 103.0 MB.
System memory in use after: 103.2 MB.

Unloading 64 unused Assets to reduce memory usage. Loaded Objects now: 2819.
Total: 5.717900 ms (FindLiveObjects: 0.309400 ms CreateObjectMapping: 0.116300 ms MarkObjects: 5.213800 ms  DeleteObjects: 0.077400 ms)

AssetImportParameters requested are different than current active one (requested -> active):
  custom:framework-win-MediaFoundation: 216162199b28c13a410421893ffa2e32 -> 
  custom:video-decoder-ogg-theora: a1e56fd34408186e4bbccfd4996cb3dc -> 
  custom:container-muxer-webm: aa71ff27fc2769a1b78a27578f13a17b -> 
  custom:container-demuxer-webm: 4f35f7cbe854078d1ac9338744f61a02 -> 
  custom:container-demuxer-ogg: 62fdf1f143b41e24485cea50d1cbac27 -> 
  custom:video-encoder-webm-vp8: eb34c28f22e8b96e1ab97ce403110664 -> 
  custom:video-decoder-webm-vp8: 9c59270c3fd7afecdb556c50c9e8de78 -> 
  custom:audio-decoder-ogg-vorbis: bf7c407c2cedff20999df2af8eb42d56 -> 
  custom:audio-encoder-webm-vorbis: bf7c407c2cedff20999df2af8eb42d56 -> 
========================================================================
Received Import Request.
  path: Assets/Scripts/CharacterStat.cs
  artifactKey: Guid(ee500ed049e6af749948d1927255eb9c) Importer(815301076,1909f56bfc062723c751e8b465ee728b)
Start importing Assets/Scripts/CharacterStat.cs using Guid(ee500ed049e6af749948d1927255eb9c) Importer(815301076,1909f56bfc062723c751e8b465ee728b)  -> (artifact id: '0677e73719e9e5e03426c48f2597f11f') in 0.045217 seconds 
  Import took 0.049313 seconds .

========================================================================
Received Import Request.
  Time since last request: 43.210375 seconds.
  path: Assets/Scripts/CharacterBehavior.cs
  artifactKey: Guid(ce25800258af4fc4094109c20bfab5d1) Importer(815301076,1909f56bfc062723c751e8b465ee728b)
Start importing Assets/Scripts/CharacterBehavior.cs using Guid(ce25800258af4fc4094109c20bfab5d1) Importer(815301076,1909f56bfc062723c751e8b465ee728b)  -> (artifact id: '35d264ba6ddff34c64a3914e46c6b68d') in 0.001873 seconds 
  Import took 0.006136 seconds .

========================================================================
Received Import Request.
  Time since last request: 42.772828 seconds.
  path: Assets/Scripts/MonsterStat.cs
  artifactKey: Guid(4cc776a2acb830d41a9713429951f6a8) Importer(815301076,1909f56bfc062723c751e8b465ee728b)
Start importing Assets/Scripts/MonsterStat.cs using Guid(4cc776a2acb830d41a9713429951f6a8) Importer(815301076,1909f56bfc062723c751e8b465ee728b)  -> (artifact id: 'e5d810428ea8b4bcf94b127bffd9d9f1') in 0.002282 seconds 
  Import took 0.007787 seconds .

========================================================================
Received Import Request.
  Time since last request: 0.004443 seconds.
  path: Assets/Scripts/MonsterStat.cs
  artifactKey: Guid(4cc776a2acb830d41a9713429951f6a8) Importer(815301076,1909f56bfc062723c751e8b465ee728b)
Start importing Assets/Scripts/MonsterStat.cs using Guid(4cc776a2acb830d41a9713429951f6a8) Importer(815301076,1909f56bfc062723c751e8b465ee728b)  -> (artifact id: 'e5d810428ea8b4bcf94b127bffd9d9f1') in 0.001890 seconds 
  Import took 0.007456 seconds .

========================================================================
Received Import Request.
  Time since last request: 0.957287 seconds.
  path: Assets/Scripts/MonsterBehavior.cs
  artifactKey: Guid(d83c1dd473675f64982889782a8ef063) Importer(815301076,1909f56bfc062723c751e8b465ee728b)
Start importing Assets/Scripts/MonsterBehavior.cs using Guid(d83c1dd473675f64982889782a8ef063) Importer(815301076,1909f56bfc062723c751e8b465ee728b)  -> (artifact id: 'a3d5cd6b07843ec7953cb45a63d2a081') in 0.002744 seconds 
  Import took 0.008526 seconds .

========================================================================
Received Import Request.
  Time since last request: 125.054502 seconds.
  path: Assets/Scripts/MenuManager.cs
  artifactKey: Guid(6a15541dd913709428bf6a964392169f) Importer(815301076,1909f56bfc062723c751e8b465ee728b)
Start importing Assets/Scripts/MenuManager.cs using Guid(6a15541dd913709428bf6a964392169f) Importer(815301076,1909f56bfc062723c751e8b465ee728b)  -> (artifact id: '8185f896c8aaca7f606192363e28f09d') in 0.001842 seconds 
  Import took 0.006598 seconds .

AssetImportWorkerClient::OnTransportError - code=2 error=End of file
