Using pre-set license
Built from '2020.3/release' branch; Version is '2020.3.12f1 (b3b2c6512326) revision 11776710'; Using compiler version '192528614'; Build Type 'Release'
OS: 'Windows 10 Home; OS build 19042.1052; Version 2009; 64bit' Language: 'ko' Physical Memory: 16235 MB
BatchMode: 1, IsHumanControllingUs: 0, StartBugReporterOnCrash: 0, Is64bit: 1, IsPro: 0

 COMMAND LINE ARGUMENTS:
G:\Unity\2020.3.12f1\Editor\Unity.exe
-adb2
-batchMode
-noUpm
-name
AssetImportWorker0
-projectPath
C:/Users/HUK/Desktop/1-1 기존 게임 분석하기
-logFile
Logs/AssetImportWorker0.log
-srvPort
60361
Successfully changed project path to: C:/Users/HUK/Desktop/1-1 기존 게임 분석하기
C:/Users/HUK/Desktop/1-1 기존 게임 분석하기
Using Asset Import Pipeline V2.
Refreshing native plugins compatible for Editor in 64.11 ms, found 3 plugins.
Preloading 0 native plugins for Editor in 0.00 ms.
Initialize engine version: 2020.3.12f1 (b3b2c6512326)
[Subsystems] Discovering subsystems at path G:/Unity/2020.3.12f1/Editor/Data/Resources/UnitySubsystems
[Subsystems] Discovering subsystems at path C:/Users/HUK/Desktop/1-1 기존 게임 분석하기/Assets
GfxDevice: creating device client; threaded=0
Direct3D:
    Version:  Direct3D 11.0 [level 11.1]
    Renderer: NVIDIA GeForce GTX 1650 (ID=0x1f91)
    Vendor:   
    VRAM:     3964 MB
    Driver:   27.21.14.6231
Initialize mono
Mono path[0] = 'G:/Unity/2020.3.12f1/Editor/Data/Managed'
Mono path[1] = 'G:/Unity/2020.3.12f1/Editor/Data/MonoBleedingEdge/lib/mono/unityjit'
Mono config path = 'G:/Unity/2020.3.12f1/Editor/Data/MonoBleedingEdge/etc'
Using monoOptions --debugger-agent=transport=dt_socket,embedding=1,server=y,suspend=n,address=127.0.0.1:56164
Begin MonoManager ReloadAssembly
Registering precompiled unity dll's ...
Register platform support module: G:/Unity/2020.3.12f1/Editor/Data/PlaybackEngines/WindowsStandaloneSupport/UnityEditor.WindowsStandalone.Extensions.dll
Registered in 0.001317 seconds.
Native extension for WindowsStandalone target not found
Refreshing native plugins compatible for Editor in 60.45 ms, found 3 plugins.
Preloading 0 native plugins for Editor in 0.00 ms.
Mono: successfully reloaded assembly
- Completed reload, in  0.950 seconds
Platform modules already initialized, skipping
Registering precompiled user dll's ...
Registered in 0.006524 seconds.
Begin MonoManager ReloadAssembly
Native extension for WindowsStandalone target not found
Refreshing native plugins compatible for Editor in 0.75 ms, found 3 plugins.
Preloading 0 native plugins for Editor in 0.00 ms.
Mono: successfully reloaded assembly
- Completed reload, in  1.129 seconds
Platform modules already initialized, skipping
========================================================================
Worker process is ready to serve import requests
Launched and connected shader compiler UnityShaderCompiler.exe after 0.06 seconds
Refreshing native plugins compatible for Editor in 0.86 ms, found 3 plugins.
Preloading 0 native plugins for Editor in 0.00 ms.
Unloading 2413 Unused Serialized files (Serialized files now loaded: 0)
System memory in use before: 103.0 MB.
System memory in use after: 103.2 MB.

Unloading 64 unused Assets to reduce memory usage. Loaded Objects now: 2819.
Total: 5.744700 ms (FindLiveObjects: 0.231500 ms CreateObjectMapping: 0.102700 ms MarkObjects: 5.343100 ms  DeleteObjects: 0.066600 ms)

AssetImportParameters requested are different than current active one (requested -> active):
  custom:framework-win-MediaFoundation: 216162199b28c13a410421893ffa2e32 -> 
  custom:video-decoder-ogg-theora: a1e56fd34408186e4bbccfd4996cb3dc -> 
  custom:container-muxer-webm: aa71ff27fc2769a1b78a27578f13a17b -> 
  custom:container-demuxer-webm: 4f35f7cbe854078d1ac9338744f61a02 -> 
  custom:container-demuxer-ogg: 62fdf1f143b41e24485cea50d1cbac27 -> 
  custom:video-encoder-webm-vp8: eb34c28f22e8b96e1ab97ce403110664 -> 
  custom:video-decoder-webm-vp8: 9c59270c3fd7afecdb556c50c9e8de78 -> 
  custom:audio-decoder-ogg-vorbis: bf7c407c2cedff20999df2af8eb42d56 -> 
  custom:audio-encoder-webm-vorbis: bf7c407c2cedff20999df2af8eb42d56 -> 
========================================================================
Received Import Request.
  path: Assets/Scenes
  artifactKey: Guid(131a6b21c8605f84396be9f6751fb6e3) Importer(815301076,1909f56bfc062723c751e8b465ee728b)
Start importing Assets/Scenes using Guid(131a6b21c8605f84396be9f6751fb6e3) Importer(815301076,1909f56bfc062723c751e8b465ee728b)  -> (artifact id: 'df75b7d1a31c5b4f73fd45661b403b04') in 0.004040 seconds 
  Import took 0.007000 seconds .

========================================================================
Received Import Request.
  Time since last request: 5.625150 seconds.
  path: Assets/Scripts/FindMonster.cs
  artifactKey: Guid(8ea7277484d74554e845120da6e4fbc9) Importer(815301076,1909f56bfc062723c751e8b465ee728b)
Start importing Assets/Scripts/FindMonster.cs using Guid(8ea7277484d74554e845120da6e4fbc9) Importer(815301076,1909f56bfc062723c751e8b465ee728b)  -> (artifact id: '19f8cccb521fd7a1cb5d2e2ef0a36596') in 0.090169 seconds 
  Import took 0.093323 seconds .

========================================================================
Received Import Request.
  Time since last request: 0.926304 seconds.
  path: Assets/Scripts/BulletBehavior.cs
  artifactKey: Guid(c34385e569ac44a4cb62b2bf62a3ec24) Importer(815301076,1909f56bfc062723c751e8b465ee728b)
Start importing Assets/Scripts/BulletBehavior.cs using Guid(c34385e569ac44a4cb62b2bf62a3ec24) Importer(815301076,1909f56bfc062723c751e8b465ee728b)  -> (artifact id: 'bbc478b7533601eb9a5ebca052fdc62d') in 0.003196 seconds 
  Import took 0.008273 seconds .

========================================================================
Received Import Request.
  Time since last request: 0.385837 seconds.
  path: Assets/Scripts/CreateCharacter.cs
  artifactKey: Guid(c89565ecc8e948345a1c025a4ed3c033) Importer(815301076,1909f56bfc062723c751e8b465ee728b)
Start importing Assets/Scripts/CreateCharacter.cs using Guid(c89565ecc8e948345a1c025a4ed3c033) Importer(815301076,1909f56bfc062723c751e8b465ee728b)  -> (artifact id: 'cee963f38217af21a7252c0b4d9097ad') in 0.001523 seconds 
  Import took 0.005414 seconds .

========================================================================
Received Import Request.
  Time since last request: 0.173484 seconds.
  path: Assets/Scripts/CreateCharacter.cs
  artifactKey: Guid(c89565ecc8e948345a1c025a4ed3c033) Importer(815301076,1909f56bfc062723c751e8b465ee728b)
Start importing Assets/Scripts/CreateCharacter.cs using Guid(c89565ecc8e948345a1c025a4ed3c033) Importer(815301076,1909f56bfc062723c751e8b465ee728b)  -> (artifact id: 'cee963f38217af21a7252c0b4d9097ad') in 0.001403 seconds 
  Import took 0.005870 seconds .

========================================================================
Received Import Request.
  Time since last request: 1.793748 seconds.
  path: Assets/Scripts/CreateMonster.cs
  artifactKey: Guid(b4ec9dee89cd4144db5e009b42875edc) Importer(815301076,1909f56bfc062723c751e8b465ee728b)
Start importing Assets/Scripts/CreateMonster.cs using Guid(b4ec9dee89cd4144db5e009b42875edc) Importer(815301076,1909f56bfc062723c751e8b465ee728b)  -> (artifact id: 'c8c6d88d7e242a60cd0029400862ce94') in 0.001485 seconds 
  Import took 0.004719 seconds .

========================================================================
Received Import Request.
  Time since last request: 0.002548 seconds.
  path: Assets/Scripts/CreateMonster.cs
  artifactKey: Guid(b4ec9dee89cd4144db5e009b42875edc) Importer(815301076,1909f56bfc062723c751e8b465ee728b)
Start importing Assets/Scripts/CreateMonster.cs using Guid(b4ec9dee89cd4144db5e009b42875edc) Importer(815301076,1909f56bfc062723c751e8b465ee728b)  -> (artifact id: 'c8c6d88d7e242a60cd0029400862ce94') in 0.001392 seconds 
  Import took 0.005386 seconds .

========================================================================
Received Import Request.
  Time since last request: 79.759739 seconds.
  path: Assets/Scripts/GameManager.cs
  artifactKey: Guid(279146c406553324fae1504e018dca18) Importer(815301076,1909f56bfc062723c751e8b465ee728b)
Start importing Assets/Scripts/GameManager.cs using Guid(279146c406553324fae1504e018dca18) Importer(815301076,1909f56bfc062723c751e8b465ee728b)  -> (artifact id: '7d9ccf4a0fe111e4f116fd4a362a4675') in 0.002210 seconds 
  Import took 0.005919 seconds .

========================================================================
Received Import Request.
  Time since last request: 0.002320 seconds.
  path: Assets/Scripts/GameManager.cs
  artifactKey: Guid(279146c406553324fae1504e018dca18) Importer(815301076,1909f56bfc062723c751e8b465ee728b)
Start importing Assets/Scripts/GameManager.cs using Guid(279146c406553324fae1504e018dca18) Importer(815301076,1909f56bfc062723c751e8b465ee728b)  -> (artifact id: '7d9ccf4a0fe111e4f116fd4a362a4675') in 0.002084 seconds 
  Import took 0.006524 seconds .

========================================================================
Received Import Request.
  Time since last request: 2.314606 seconds.
  path: Assets/Scripts/HPBar.cs
  artifactKey: Guid(4c0bd0e7caf76df4f969a00b5b236b0a) Importer(815301076,1909f56bfc062723c751e8b465ee728b)
Start importing Assets/Scripts/HPBar.cs using Guid(4c0bd0e7caf76df4f969a00b5b236b0a) Importer(815301076,1909f56bfc062723c751e8b465ee728b)  -> (artifact id: '4449650a6537aa4b063ce253d82a5721') in 0.001772 seconds 
  Import took 0.004993 seconds .

========================================================================
Received Import Request.
  Time since last request: 0.001568 seconds.
  path: Assets/Scripts/HPBar.cs
  artifactKey: Guid(4c0bd0e7caf76df4f969a00b5b236b0a) Importer(815301076,1909f56bfc062723c751e8b465ee728b)
Start importing Assets/Scripts/HPBar.cs using Guid(4c0bd0e7caf76df4f969a00b5b236b0a) Importer(815301076,1909f56bfc062723c751e8b465ee728b)  -> (artifact id: '4449650a6537aa4b063ce253d82a5721') in 0.001659 seconds 
  Import took 0.006226 seconds .

========================================================================
Received Prepare
Registering precompiled user dll's ...
Registered in 0.006207 seconds.
Begin MonoManager ReloadAssembly
Native extension for WindowsStandalone target not found
Refreshing native plugins compatible for Editor in 1.62 ms, found 3 plugins.
Preloading 0 native plugins for Editor in 0.00 ms.
Mono: successfully reloaded assembly
- Completed reload, in  1.629 seconds
Platform modules already initialized, skipping
Refreshing native plugins compatible for Editor in 0.81 ms, found 3 plugins.
Preloading 0 native plugins for Editor in 0.00 ms.
Unloading 2404 Unused Serialized files (Serialized files now loaded: 0)
System memory in use before: 102.7 MB.
System memory in use after: 102.9 MB.

Unloading 53 unused Assets to reduce memory usage. Loaded Objects now: 2822.
Total: 6.071600 ms (FindLiveObjects: 0.403600 ms CreateObjectMapping: 0.172500 ms MarkObjects: 5.451400 ms  DeleteObjects: 0.043000 ms)

AssetImportParameters requested are different than current active one (requested -> active):
  custom:framework-win-MediaFoundation: 216162199b28c13a410421893ffa2e32 -> 
  custom:video-decoder-ogg-theora: a1e56fd34408186e4bbccfd4996cb3dc -> 
  custom:container-muxer-webm: aa71ff27fc2769a1b78a27578f13a17b -> 
  custom:container-demuxer-webm: 4f35f7cbe854078d1ac9338744f61a02 -> 
  custom:container-demuxer-ogg: 62fdf1f143b41e24485cea50d1cbac27 -> 
  custom:video-encoder-webm-vp8: eb34c28f22e8b96e1ab97ce403110664 -> 
  custom:video-decoder-webm-vp8: 9c59270c3fd7afecdb556c50c9e8de78 -> 
  custom:audio-decoder-ogg-vorbis: bf7c407c2cedff20999df2af8eb42d56 -> 
  custom:audio-encoder-webm-vorbis: bf7c407c2cedff20999df2af8eb42d56 -> 
========================================================================
Received Prepare
Registering precompiled user dll's ...
Registered in 0.006322 seconds.
Begin MonoManager ReloadAssembly
Native extension for WindowsStandalone target not found
Refreshing native plugins compatible for Editor in 4.40 ms, found 3 plugins.
Preloading 0 native plugins for Editor in 0.00 ms.
Mono: successfully reloaded assembly
- Completed reload, in  1.877 seconds
Platform modules already initialized, skipping
Refreshing native plugins compatible for Editor in 0.91 ms, found 3 plugins.
Preloading 0 native plugins for Editor in 0.00 ms.
Unloading 2404 Unused Serialized files (Serialized files now loaded: 0)
System memory in use before: 102.8 MB.
System memory in use after: 103.0 MB.

Unloading 53 unused Assets to reduce memory usage. Loaded Objects now: 2825.
Total: 7.303100 ms (FindLiveObjects: 0.828800 ms CreateObjectMapping: 0.267600 ms MarkObjects: 6.167700 ms  DeleteObjects: 0.036700 ms)

AssetImportParameters requested are different than current active one (requested -> active):
  custom:framework-win-MediaFoundation: 216162199b28c13a410421893ffa2e32 -> 
  custom:video-decoder-ogg-theora: a1e56fd34408186e4bbccfd4996cb3dc -> 
  custom:container-muxer-webm: aa71ff27fc2769a1b78a27578f13a17b -> 
  custom:container-demuxer-webm: 4f35f7cbe854078d1ac9338744f61a02 -> 
  custom:container-demuxer-ogg: 62fdf1f143b41e24485cea50d1cbac27 -> 
  custom:video-encoder-webm-vp8: eb34c28f22e8b96e1ab97ce403110664 -> 
  custom:video-decoder-webm-vp8: 9c59270c3fd7afecdb556c50c9e8de78 -> 
  custom:audio-decoder-ogg-vorbis: bf7c407c2cedff20999df2af8eb42d56 -> 
  custom:audio-encoder-webm-vorbis: bf7c407c2cedff20999df2af8eb42d56 -> 
========================================================================
Received Prepare
Registering precompiled user dll's ...
Registered in 0.008430 seconds.
Begin MonoManager ReloadAssembly
Native extension for WindowsStandalone target not found
Refreshing native plugins compatible for Editor in 1.80 ms, found 3 plugins.
Preloading 0 native plugins for Editor in 0.00 ms.
Mono: successfully reloaded assembly
- Completed reload, in  2.258 seconds
Platform modules already initialized, skipping
Refreshing native plugins compatible for Editor in 0.84 ms, found 3 plugins.
Preloading 0 native plugins for Editor in 0.00 ms.
Unloading 2404 Unused Serialized files (Serialized files now loaded: 0)
System memory in use before: 102.8 MB.
System memory in use after: 103.0 MB.

Unloading 53 unused Assets to reduce memory usage. Loaded Objects now: 2828.
Total: 7.795100 ms (FindLiveObjects: 0.370700 ms CreateObjectMapping: 0.150900 ms MarkObjects: 7.239700 ms  DeleteObjects: 0.032200 ms)

AssetImportParameters requested are different than current active one (requested -> active):
  custom:framework-win-MediaFoundation: 216162199b28c13a410421893ffa2e32 -> 
  custom:video-decoder-ogg-theora: a1e56fd34408186e4bbccfd4996cb3dc -> 
  custom:container-muxer-webm: aa71ff27fc2769a1b78a27578f13a17b -> 
  custom:container-demuxer-webm: 4f35f7cbe854078d1ac9338744f61a02 -> 
  custom:container-demuxer-ogg: 62fdf1f143b41e24485cea50d1cbac27 -> 
  custom:video-encoder-webm-vp8: eb34c28f22e8b96e1ab97ce403110664 -> 
  custom:video-decoder-webm-vp8: 9c59270c3fd7afecdb556c50c9e8de78 -> 
  custom:audio-decoder-ogg-vorbis: bf7c407c2cedff20999df2af8eb42d56 -> 
  custom:audio-encoder-webm-vorbis: bf7c407c2cedff20999df2af8eb42d56 -> 
AssetImportWorkerClient::OnTransportError - code=2 error=End of file
